<?xml version="1.0" encoding="utf-8"?><testsuites name="pytest tests"><testsuite name="pytest" errors="0" failures="0" skipped="0" tests="16" time="9.045" timestamp="2026-09-18T22:16:44.259178+00:00" hostname="agent-env-865d283c-501b-4e7e-ab58-5bfa783b877f"><testcase classname="backend.tests.test_multitenant_features" name="test_owner_login_role" time="0.575" /><testcase classname="backend.tests.test_multitenant_features" name="test_super_login_role" time="0.421" /><testcase classname="backend.tests.test_multitenant_features" name="test_bad_login" time="0.412" /><testcase classname="backend.tests.test_multitenant_features" name="test_trips_have_profit" time="0.523" /><testcase classname="backend.tests.test_multitenant_features" name="test_trip_detail_profit_block" time="0.322" /><testcase classname="backend.tests.test_multitenant_features" name="test_edit_trip_persists" time="0.650" /><testcase classname="backend.tests.test_multitenant_features" name="test_lr_stats" time="0.158" /><testcase classname="backend.tests.test_multitenant_features" name="test_tracking_not_connected" time="0.223" /><testcase classname="backend.tests.test_multitenant_features" name="test_dashboard_monthly" time="0.176" /><testcase classname="backend.tests.test_multitenant_features" name="test_lr_get_with_freight" time="0.289" /><testcase classname="backend.tests.test_multitenant_features" name="test_platform_access_blocked_for_owner" time="0.127" /><testcase classname="backend.tests.test_multitenant_features" name="test_platform_summary" time="0.596" /><testcase classname="backend.tests.test_multitenant_features" name="test_create_tenant_and_isolation" time="1.779" /><testcase classname="backend.tests.test_multitenant_features" name="test_suspend_and_reactivate" time="1.056" /><testcase classname="backend.tests.test_multitenant_features" name="test_reset_password" time="1.128" /><testcase classname="backend.tests.test_multitenant_features" name="test_platform_endpoint_blocked_for_new_owner" time="0.528" /></testsuite></testsuites>